0 info it worked if it ends with ok
1 verbose cli [ 'E:\\Program Files\\nodejs\\node.exe',
1 verbose cli   'E:\\Program Files\\nodejs\\node_global\\node_modules\\npm\\bin\\npm-cli.js',
1 verbose cli   'run',
1 verbose cli   'dev' ]
2 info using npm@4.0.5
3 info using node@v6.10.2
4 verbose run-script [ 'predev', 'dev', 'postdev' ]
5 info lifecycle test@1.2.8~predev: test@1.2.8
6 silly lifecycle test@1.2.8~predev: no script for predev, continuing
7 info lifecycle test@1.2.8~dev: test@1.2.8
8 verbose lifecycle test@1.2.8~dev: unsafe-perm in lifecycle true
9 verbose lifecycle test@1.2.8~dev: PATH: E:\Program Files\nodejs\node_global\node_modules\npm\bin\node-gyp-bin;D:\l赖\x学习资料\w微信小程序\电商后台微信小程序实现\leshare-seller-wepy-master\node_modules\.bin;%C_EM64T_REDIST11%bin\Intel64;D:\Program Files (x86)\apache-maven-3.5.0\bin;C:\ProgramData\Oracle\Java\javapath;D:\apache-tomcat-7.0.57\lib;E:\Program Files\nodejs\node_global;E:\Ruby23-x64\bin;C:\Program Files\MySQL\MySQL Server 5.5\bin;E:\Program Files\nodejs\;D:\Program Files\Java\bin;E:\Program Files\TortoiseSVN\bin;D:\Program Files (x86)\VisualSVN Server\bin;C:\WINDOWS\system32;C:\WINDOWS;C:\WINDOWS\system32\WBEM;C:\Program Files\VanDyke Software\Clients\;E:\Program Files\Git\bin;E:\Users\Administrator\AppData\Local\Android\sdk\platform-tools;E:\Users\Administrator\AppData\Local\Android\sdk\tools;e:\Ruby23-x64\bin;C:\apache-ant-1.9.8-bin\bin;E:\Program Files\nodejs;C:\Users\Administrator\AppData\Roaming\npm;e:\Program Files\Heroku\bin
10 verbose lifecycle test@1.2.8~dev: CWD: D:\l赖\x学习资料\w微信小程序\电商后台微信小程序实现\leshare-seller-wepy-master
11 silly lifecycle test@1.2.8~dev: Args: [ '/d /s /c', 'wepy build --watch' ]
12 silly lifecycle test@1.2.8~dev: Returned: code: 1  signal: null
13 info lifecycle test@1.2.8~dev: Failed to exec dev script
14 verbose stack Error: test@1.2.8 dev: `wepy build --watch`
14 verbose stack Exit status 1
14 verbose stack     at EventEmitter.<anonymous> (E:\Program Files\nodejs\node_global\node_modules\npm\lib\utils\lifecycle.js:279:16)
14 verbose stack     at emitTwo (events.js:106:13)
14 verbose stack     at EventEmitter.emit (events.js:191:7)
14 verbose stack     at ChildProcess.<anonymous> (E:\Program Files\nodejs\node_global\node_modules\npm\lib\utils\spawn.js:40:14)
14 verbose stack     at emitTwo (events.js:106:13)
14 verbose stack     at ChildProcess.emit (events.js:191:7)
14 verbose stack     at maybeClose (internal/child_process.js:886:16)
14 verbose stack     at Process.ChildProcess._handle.onexit (internal/child_process.js:226:5)
15 verbose pkgid test@1.2.8
16 verbose cwd D:\l赖\x学习资料\w微信小程序\电商后台微信小程序实现\leshare-seller-wepy-master
17 error Windows_NT 10.0.14393
18 error argv "E:\\Program Files\\nodejs\\node.exe" "E:\\Program Files\\nodejs\\node_global\\node_modules\\npm\\bin\\npm-cli.js" "run" "dev"
19 error node v6.10.2
20 error npm  v4.0.5
21 error code ELIFECYCLE
22 error test@1.2.8 dev: `wepy build --watch`
22 error Exit status 1
23 error Failed at the test@1.2.8 dev script 'wepy build --watch'.
23 error Make sure you have the latest version of node.js and npm installed.
23 error If you do, this is most likely a problem with the test package,
23 error not with npm itself.
23 error Tell the author that this fails on your system:
23 error     wepy build --watch
23 error You can get information on how to open an issue for this project with:
23 error     npm bugs test
23 error Or if that isn't available, you can get their info via:
23 error     npm owner ls test
23 error There is likely additional logging output above.
24 verbose exit [ 1, true ]
